<?xml version="1.0" encoding="utf-8"?><testsuites><testsuite errors="0" failures="0" hostname="macbook-pro-6.intern" name="pytest" skipped="0" tests="1" time="1.041" timestamp="2020-07-28T15:44:10.582054"><testcase classname="tests.integration.default.testinfra.test_bit_base_windows_minions" file="tests/integration/default/testinfra/test_bit_base_windows_minions.py" line="0" name="test_file_exists[docker://4a597294fe584b0ec44a658ba42928ead25fb8e84ff558cc198a7c65da08a4e7]" time="1.022"></testcase></testsuite></testsuites>